2016-12-24 13:42:17 Notice: Notice (8): Undefined variable: q_r in [/usr/share/nginx/html/cake3/rd_cake/src/Controller/DashboardController.php, line 41]
Request URL: /cake3/rd_cake/dashboard/check_token.json?_dc=1482585743916&token=58041890-8d48-45c4-bd0f-1805b2203b89&sel_language=4_4
Client IP: 127.0.0.1
Trace:
Cake\Error\BaseErrorHandler::handleError() - CORE/src/Error/BaseErrorHandler.php, line 146
App\Controller\DashboardController::checkToken() - APP/Controller/DashboardController.php, line 41
Cake\Controller\Controller::invokeAction() - CORE/src/Controller/Controller.php, line 435
Cake\Http\ActionDispatcher::_invoke() - CORE/src/Http/ActionDispatcher.php, line 122
Cake\Http\ActionDispatcher::dispatch() - CORE/src/Http/ActionDispatcher.php, line 96
Cake\Http\BaseApplication::__invoke() - CORE/src/Http/BaseApplication.php, line 83
Cake\Http\Runner::__invoke() - CORE/src/Http/Runner.php, line 65
Cake\Routing\Middleware\RoutingMiddleware::__invoke() - CORE/src/Routing/Middleware/RoutingMiddleware.php, line 62
Cake\Http\Runner::__invoke() - CORE/src/Http/Runner.php, line 65
Cake\Routing\Middleware\AssetMiddleware::__invoke() - CORE/src/Routing/Middleware/AssetMiddleware.php, line 93
Cake\Http\Runner::__invoke() - CORE/src/Http/Runner.php, line 65
Cake\Error\Middleware\ErrorHandlerMiddleware::__invoke() - CORE/src/Error/Middleware/ErrorHandlerMiddleware.php, line 81
Cake\Http\Runner::__invoke() - CORE/src/Http/Runner.php, line 65
Cake\Http\Runner::run() - CORE/src/Http/Runner.php, line 51
Cake\Http\Server::run() - CORE/src/Http/Server.php, line 92
require - ROOT/webroot/index.php, line 37
[main] - ROOT/index.php, line 16



